<?xml version="1.0" encoding="UTF-8"?>
<testng-results ignored="0" total="2" passed="2" failed="0" skipped="0">
  <reporter-output>
  </reporter-output>
  <suite started-at="2025-08-16T16:42:53 IST" name="Full Suite" finished-at="2025-08-16T16:43:28 IST" duration-ms="34834">
    <groups>
    </groups>
    <test started-at="2025-08-16T16:42:53 IST" name="OrderPlacementANDorderDetailValidation" finished-at="2025-08-16T16:43:28 IST" duration-ms="34834">
      <class name="MavenFrameworkDesign.tests.placeOrder">
        <test-method is-config="true" signature="landOnSite()[pri:0, instance:MavenFrameworkDesign.tests.placeOrder@7c6908d7]" started-at="2025-08-16T16:42:54 IST" name="landOnSite" finished-at="2025-08-16T16:42:57 IST" duration-ms="3278" status="PASS">
          <reporter-output>
          </reporter-output>
        </test-method> <!-- landOnSite -->
        <test-method signature="placeOrder(java.util.HashMap)[pri:0, instance:MavenFrameworkDesign.tests.placeOrder@7c6908d7]" started-at="2025-08-16T16:42:57 IST" name="placeOrder" data-provider="getData" finished-at="2025-08-16T16:43:11 IST" duration-ms="14528" status="PASS">
          <params>
            <param index="0">
              <value>
                <![CDATA[{password=Raghav#2000, productAddedToCart=ZARA COAT 3, email=raghavendran.stage@gmail.com}]]>
              </value>
            </param>
          </params>
          <reporter-output>
          </reporter-output>
        </test-method> <!-- placeOrder -->
        <test-method is-config="true" signature="closeBrowser()[pri:0, instance:MavenFrameworkDesign.tests.placeOrder@7c6908d7]" started-at="2025-08-16T16:43:11 IST" name="closeBrowser" finished-at="2025-08-16T16:43:12 IST" duration-ms="178" status="PASS">
          <reporter-output>
          </reporter-output>
        </test-method> <!-- closeBrowser -->
        <test-method is-config="true" signature="landOnSite()[pri:0, instance:MavenFrameworkDesign.tests.placeOrder@7c6908d7]" started-at="2025-08-16T16:43:12 IST" name="landOnSite" finished-at="2025-08-16T16:43:13 IST" duration-ms="1895" status="PASS">
          <reporter-output>
          </reporter-output>
        </test-method> <!-- landOnSite -->
        <test-method signature="placeOrder(java.util.HashMap)[pri:0, instance:MavenFrameworkDesign.tests.placeOrder@7c6908d7]" started-at="2025-08-16T16:43:13 IST" name="placeOrder" data-provider="getData" finished-at="2025-08-16T16:43:28 IST" duration-ms="14511" status="PASS">
          <params>
            <param index="0">
              <value>
                <![CDATA[{password=Raghav#2000, productAddedToCart=ADIDAS ORIGINAL, email=raghavendran.stage@gmail.com}]]>
              </value>
            </param>
          </params>
          <reporter-output>
          </reporter-output>
        </test-method> <!-- placeOrder -->
        <test-method is-config="true" signature="closeBrowser()[pri:0, instance:MavenFrameworkDesign.tests.placeOrder@7c6908d7]" started-at="2025-08-16T16:43:28 IST" name="closeBrowser" finished-at="2025-08-16T16:43:28 IST" duration-ms="129" status="PASS">
          <reporter-output>
          </reporter-output>
        </test-method> <!-- closeBrowser -->
      </class> <!-- MavenFrameworkDesign.tests.placeOrder -->
    </test> <!-- OrderPlacementANDorderDetailValidation -->
  </suite> <!-- Full Suite -->
</testng-results>
