<?xml version="1.0" encoding="UTF-8"?>
<testng-results ignored="1" total="3" passed="2" failed="0" skipped="0">
  <reporter-output>
  </reporter-output>
  <suite started-at="2025-06-01T14:33:39 IST" name="Full Suite" finished-at="2025-06-01T14:34:13 IST" duration-ms="34256">
    <groups>
      <group name="placeOrder">
        <method signature="placeOrder.placeOrder(java.util.HashMap)[pri:0, instance:MavenFrameworkDesign.tests.placeOrder@7c6908d7]" name="placeOrder" class="MavenFrameworkDesign.tests.placeOrder"/>
      </group> <!-- placeOrder -->
    </groups>
    <test started-at="2025-06-01T14:33:39 IST" name="OrderPlacementANDorderDetailValidation" finished-at="2025-06-01T14:34:13 IST" duration-ms="34256">
      <class name="MavenFrameworkDesign.tests.placeOrder">
        <test-method is-config="true" signature="landOnSite()[pri:0, instance:MavenFrameworkDesign.tests.placeOrder@7c6908d7]" started-at="2025-06-01T14:33:39 IST" name="landOnSite" finished-at="2025-06-01T14:33:42 IST" duration-ms="2476" status="PASS">
          <reporter-output>
          </reporter-output>
        </test-method> <!-- landOnSite -->
        <test-method signature="placeOrder(java.util.HashMap)[pri:0, instance:MavenFrameworkDesign.tests.placeOrder@7c6908d7]" started-at="2025-06-01T14:33:42 IST" name="placeOrder" data-provider="getData" finished-at="2025-06-01T14:33:56 IST" duration-ms="14622" status="PASS">
          <params>
            <param index="0">
              <value>
                <![CDATA[{password=Raghav#2000, productAddedToCart=ZARA COAT 3, email=raghavendran.stage@gmail.com}]]>
              </value>
            </param>
          </params>
          <reporter-output>
          </reporter-output>
        </test-method> <!-- placeOrder -->
        <test-method is-config="true" signature="closeBrowser()[pri:0, instance:MavenFrameworkDesign.tests.placeOrder@7c6908d7]" started-at="2025-06-01T14:33:56 IST" name="closeBrowser" finished-at="2025-06-01T14:33:57 IST" duration-ms="158" status="PASS">
          <reporter-output>
          </reporter-output>
        </test-method> <!-- closeBrowser -->
        <test-method is-config="true" signature="landOnSite()[pri:0, instance:MavenFrameworkDesign.tests.placeOrder@7c6908d7]" started-at="2025-06-01T14:33:57 IST" name="landOnSite" finished-at="2025-06-01T14:33:59 IST" duration-ms="2059" status="PASS">
          <reporter-output>
          </reporter-output>
        </test-method> <!-- landOnSite -->
        <test-method signature="placeOrder(java.util.HashMap)[pri:0, instance:MavenFrameworkDesign.tests.placeOrder@7c6908d7]" started-at="2025-06-01T14:33:59 IST" name="placeOrder" data-provider="getData" finished-at="2025-06-01T14:34:13 IST" duration-ms="14500" status="PASS">
          <params>
            <param index="0">
              <value>
                <![CDATA[{password=Raghav#2000, productAddedToCart=ADIDAS ORIGINAL, email=raghavendran.stage@gmail.com}]]>
              </value>
            </param>
          </params>
          <reporter-output>
          </reporter-output>
        </test-method> <!-- placeOrder -->
        <test-method is-config="true" signature="closeBrowser()[pri:0, instance:MavenFrameworkDesign.tests.placeOrder@7c6908d7]" started-at="2025-06-01T14:34:13 IST" name="closeBrowser" finished-at="2025-06-01T14:34:13 IST" duration-ms="128" status="PASS">
          <reporter-output>
          </reporter-output>
        </test-method> <!-- closeBrowser -->
      </class> <!-- MavenFrameworkDesign.tests.placeOrder -->
    </test> <!-- OrderPlacementANDorderDetailValidation -->
  </suite> <!-- Full Suite -->
</testng-results>
