<?xml version="1.0" encoding="UTF-8"?>
<!-- Generated by org.testng.reporters.JUnitXMLReporter -->
<testsuite ignored="1" hostname="LAPTOP-VFGJEI3F" failures="0" tests="2" name="Default test" time="27.529" errors="0" timestamp="2025-08-16T15:21:58 IST">
  <testcase classname="MavenFrameworkDesign.tests.placeOrder" name="placeOrder" time="3.555"/>
  <testcase classname="MavenFrameworkDesign.tests.placeOrder" name="placeOrder" time="14.732"/>
  <testcase classname="MavenFrameworkDesign.tests.placeOrder" name="verifyOrderDetails" time="0.0">
    <ignored/>
  </testcase> <!-- verifyOrderDetails -->
</testsuite> <!-- Default test -->
