<?xml version="1.0" encoding="UTF-8"?>
<!-- Generated by org.testng.reporters.JUnitXMLReporter -->
<testsuite ignored="1" hostname="LAPTOP-VFGJEI3F" failures="0" tests="2" name="OrderPlacementANDorderDetailValidation" time="34.256" errors="0" timestamp="2025-06-01T14:34:13 IST">
  <testcase classname="MavenFrameworkDesign.tests.placeOrder" name="placeOrder" time="14.622"/>
  <testcase classname="MavenFrameworkDesign.tests.placeOrder" name="placeOrder" time="14.5"/>
  <testcase classname="MavenFrameworkDesign.tests.placeOrder" name="verifyOrderDetails" time="0.0">
    <ignored/>
  </testcase> <!-- verifyOrderDetails -->
</testsuite> <!-- OrderPlacementANDorderDetailValidation -->
