<?xml version="1.0" encoding="UTF-8"?>
<!-- Generated by org.testng.reporters.JUnitXMLReporter -->
<testsuite ignored="0" hostname="LAPTOP-VFGJEI3F" failures="0" tests="2" name="OrderPlacementANDorderDetailValidation" time="34.834" errors="0" timestamp="2025-08-16T16:43:28 IST">
  <testcase classname="MavenFrameworkDesign.tests.placeOrder" name="placeOrder" time="14.528"/>
  <testcase classname="MavenFrameworkDesign.tests.placeOrder" name="placeOrder" time="14.511"/>
</testsuite> <!-- OrderPlacementANDorderDetailValidation -->
