<?xml version="1.0" encoding="UTF-8"?>
<!-- Generated by org.testng.reporters.JUnitXMLReporter -->
<testsuite ignored="0" hostname="LAPTOP-VFGJEI3F" failures="1" tests="3" name="ErrorValidation" time="10.974" errors="0" timestamp="2025-07-13T18:16:10 IST">
  <testcase classname="MavenFrameworkDesign.tests.ErrorValidation" name="ErrorValidation" time="0.571"/>
  <testcase classname="MavenFrameworkDesign.tests.ErrorValidationWrongValidation" name="ErrorValidation" time="0.532">
    <skipped/>
  </testcase> <!-- ErrorValidation -->
  <testcase classname="MavenFrameworkDesign.tests.ErrorValidationWrongValidation" name="ErrorValidation" time="0.613">
    <failure type="java.lang.AssertionError" message="expected [Incorrect email or password.] but found [Incorrect mmemail or password.]">
      <![CDATA[java.lang.AssertionError: expected [Incorrect email or password.] but found [Incorrect mmemail or password.]
at MavenFrameworkDesign.tests.ErrorValidationWrongValidation.ErrorValidation(ErrorValidationWrongValidation.java:37)
at java.base/java.util.ArrayList.forEach(ArrayList.java:1597)
... Removed 31 stack frames]]>
    </failure>
  </testcase> <!-- ErrorValidation -->
</testsuite> <!-- ErrorValidation -->
