<?xml version="1.0" encoding="UTF-8"?>
<!-- Generated by org.testng.reporters.JUnitXMLReporter -->
<testsuite ignored="0" hostname="LAPTOP-VFGJEI3F" failures="0" tests="2" name="PlaceOrderANDorderDetailsValidation" time="23.351" errors="0" timestamp="2025-05-25T17:34:29 IST">
  <testcase classname="MavenFrameworkDesign.tests.placeOrder" name="placeOrder" time="15.161"/>
  <testcase classname="MavenFrameworkDesign.tests.placeOrder" name="verifyOrderDetails" time="0.924"/>
</testsuite> <!-- PlaceOrderANDorderDetailsValidation -->
